<?xml version="1.0" encoding="UTF-8"?>
<testng-results ignored="0" total="1" passed="0" failed="1" skipped="0">
  <reporter-output>
  </reporter-output>
  <suite started-at="2019-11-13T15:39:32Z" name="Default suite" finished-at="2019-11-13T15:40:02Z" duration-ms="30127">
    <groups>
    </groups>
    <test started-at="2019-11-13T15:39:32Z" name="Default test" finished-at="2019-11-13T15:40:02Z" duration-ms="30127">
      <class name="getthevaluefromecart.PickThePrice">
        <test-method is-config="true" signature="openBrowser()[pri:0, instance:getthevaluefromecart.PickThePrice@568ff82]" started-at="2019-11-13T15:39:32Z" name="openBrowser" finished-at="2019-11-13T15:39:48Z" duration-ms="16486" status="PASS">
          <reporter-output>
          </reporter-output>
        </test-method> <!-- openBrowser -->
        <test-method signature="clickinwomancolths()[pri:0, instance:getthevaluefromecart.PickThePrice@568ff82]" started-at="2019-11-13T15:39:48Z" name="clickinwomancolths" finished-at="2019-11-13T15:40:02Z" duration-ms="13238" status="FAIL">
          <exception class="java.lang.AssertionError">
            <message>
              <![CDATA[expected [22.00] but found [$35.02]]]>
            </message>
            <full-stacktrace>
              <![CDATA[java.lang.AssertionError: expected [22.00] but found [$35.02]
at org.testng.Assert.fail(Assert.java:96)
at org.testng.Assert.failNotEquals(Assert.java:776)
at org.testng.Assert.assertEqualsImpl(Assert.java:137)
at org.testng.Assert.assertEquals(Assert.java:118)
at org.testng.Assert.assertEquals(Assert.java:453)
at org.testng.Assert.assertEquals(Assert.java:463)
at getthevaluefromecart.PickThePrice.clickinwomancolths(PickThePrice.java:65)
at java.base/jdk.internal.reflect.NativeMethodAccessorImpl.invoke0(Native Method)
at java.base/jdk.internal.reflect.NativeMethodAccessorImpl.invoke(NativeMethodAccessorImpl.java:62)
at java.base/jdk.internal.reflect.DelegatingMethodAccessorImpl.invoke(DelegatingMethodAccessorImpl.java:43)
at java.base/java.lang.reflect.Method.invoke(Method.java:564)
at org.testng.internal.MethodInvocationHelper.invokeMethod(MethodInvocationHelper.java:124)
at org.testng.internal.Invoker.invokeMethod(Invoker.java:580)
at org.testng.internal.Invoker.invokeTestMethod(Invoker.java:716)
at org.testng.internal.Invoker.invokeTestMethods(Invoker.java:988)
at org.testng.internal.TestMethodWorker.invokeTestMethods(TestMethodWorker.java:125)
at org.testng.internal.TestMethodWorker.run(TestMethodWorker.java:109)
at org.testng.TestRunner.privateRun(TestRunner.java:648)
at org.testng.TestRunner.run(TestRunner.java:505)
at org.testng.SuiteRunner.runTest(SuiteRunner.java:455)
at org.testng.SuiteRunner.runSequentially(SuiteRunner.java:450)
at org.testng.SuiteRunner.privateRun(SuiteRunner.java:415)
at org.testng.SuiteRunner.run(SuiteRunner.java:364)
at org.testng.SuiteRunnerWorker.runSuite(SuiteRunnerWorker.java:52)
at org.testng.SuiteRunnerWorker.run(SuiteRunnerWorker.java:84)
at org.testng.TestNG.runSuitesSequentially(TestNG.java:1208)
at org.testng.TestNG.runSuitesLocally(TestNG.java:1137)
at org.testng.TestNG.runSuites(TestNG.java:1049)
at org.testng.TestNG.run(TestNG.java:1017)
at org.testng.remote.AbstractRemoteTestNG.run(AbstractRemoteTestNG.java:114)
at org.testng.remote.RemoteTestNG.initAndRun(RemoteTestNG.java:251)
at org.testng.remote.RemoteTestNG.main(RemoteTestNG.java:77)
]]>
            </full-stacktrace>
          </exception> <!-- java.lang.AssertionError -->
          <reporter-output>
          </reporter-output>
        </test-method> <!-- clickinwomancolths -->
        <test-method is-config="true" signature="Teardown(org.testng.ITestResult)[pri:0, instance:getthevaluefromecart.PickThePrice@568ff82]" started-at="2019-11-13T15:40:02Z" name="Teardown" finished-at="2019-11-13T15:40:02Z" duration-ms="382" status="PASS">
          <params>
            <param index="0">
              <value>
                <![CDATA[[TestResult name=clickinwomancolths status=FAILURE method=PickThePrice.clickinwomancolths()[pri:0, instance:getthevaluefromecart.PickThePrice@568ff82] output={null}]]]>
              </value>
            </param>
          </params>
          <reporter-output>
          </reporter-output>
        </test-method> <!-- Teardown -->
      </class> <!-- getthevaluefromecart.PickThePrice -->
    </test> <!-- Default test -->
  </suite> <!-- Default suite -->
</testng-results>
